#
# There is insufficient memory for the Java Runtime Environment to continue.
# Native memory allocation (malloc) failed to allocate 1048576 bytes. Error detail: AllocateHeap
# Possible reasons:
#   The system is out of physical RAM or swap space
#   This process is running with CompressedOops enabled, and the Java Heap may be blocking the growth of the native heap
# Possible solutions:
#   Reduce memory load on the system
#   Increase physical memory or swap space
#   Check if swap backing store is full
#   Decrease Java heap size (-Xmx/-Xms)
#   Decrease number of Java threads
#   Decrease Java thread stack sizes (-Xss)
#   Set larger code cache with -XX:ReservedCodeCacheSize=
#   JVM is running with Unscaled Compressed Oops mode in which the Java heap is
#     placed in the first 4GB address space. The Java Heap base address is the
#     maximum limit for the native heap growth. Please use -XX:HeapBaseMinAddress
#     to set the Java Heap base and to place the Java Heap above 4GB virtual address.
# This output file may be truncated or incomplete.
#
#  Out of Memory Error (allocation.cpp:44), pid=3548, tid=3056
#
# JRE version: OpenJDK Runtime Environment Temurin-21.0.9+10 (21.0.9+10) (build 21.0.9+10-LTS)
# Java VM: OpenJDK 64-Bit Server VM Temurin-21.0.9+10 (21.0.9+10-LTS, mixed mode, sharing, tiered, compressed oops, compressed class ptrs, parallel gc, windows-amd64)
# No core dump will be written. Minidumps are not enabled by default on client versions of Windows
#

---------------  S U M M A R Y ------------

Command Line: --add-modules=ALL-SYSTEM --add-opens=java.base/java.util=ALL-UNNAMED --add-opens=java.base/java.lang=ALL-UNNAMED --add-opens=java.base/sun.nio.fs=ALL-UNNAMED -Declipse.application=org.eclipse.jdt.ls.core.id1 -Dosgi.bundles.defaultStartLevel=4 -Declipse.product=org.eclipse.jdt.ls.core.product -Djava.import.generatesMetadataFilesAtProjectRoot=false -DDetectVMInstallationsJob.disabled=true -Dfile.encoding=utf8 -XX:+UseParallelGC -XX:GCTimeRatio=4 -XX:AdaptiveSizePolicyWeight=90 -Dsun.zip.disableMemoryMapping=true -Xmx2G -Xms100m -Xlog:disable -javaagent:c:\Users\alumne-DAM\.vscode\extensions\redhat.java-1.51.0-win32-x64\lombok\lombok-1.18.39-4050.jar -XX:+HeapDumpOnOutOfMemoryError -XX:HeapDumpPath=c:\Users\alumne-DAM\AppData\Roaming\Code\User\workspaceStorage\173920f073f16d82886e39630b8ee953\redhat.java -Daether.dependencyCollector.impl=bf c:\Users\alumne-DAM\.vscode\extensions\redhat.java-1.51.0-win32-x64\server\plugins\org.eclipse.equinox.launcher_1.7.100.v20251111-0406.jar -configuration c:\Users\alumne-DAM\AppData\Roaming\Code\User\globalStorage\redhat.java\1.51.0\config_win -data c:\Users\alumne-DAM\AppData\Roaming\Code\User\workspaceStorage\173920f073f16d82886e39630b8ee953\redhat.java\jdt_ws --pipe=\\.\pipe\lsp-6876b553b914abff5f8cda16afb313ca-sock

Host: 11th Gen Intel(R) Core(TM) i5-11400 @ 2.60GHz, 12 cores, 15G,  Windows 11 , 64 bit Build 26100 (10.0.26100.7623)
Time: Wed Jan 28 20:15:43 2026 Hora estándar romance elapsed time: 1021.821094 seconds (0d 0h 17m 1s)

---------------  T H R E A D  ---------------

Current thread (0x000001ef6b448e80):  JavaThread "Attach Listener" daemon [_thread_in_vm, id=3056, stack(0x00000060f4000000,0x00000060f4100000) (1024K)]

Stack: [0x00000060f4000000,0x00000060f4100000]
Native frames: (J=compiled Java code, j=interpreted, Vv=VM code, C=native code)
V  [jvm.dll+0x6d6e29]
V  [jvm.dll+0x8b4b76]
V  [jvm.dll+0x8b712e]
V  [jvm.dll+0x8b7813]
V  [jvm.dll+0x283d86]
V  [jvm.dll+0xc1277]
V  [jvm.dll+0x6d76d9]
V  [jvm.dll+0x133466]
V  [jvm.dll+0x3f7ea6]
V  [jvm.dll+0x85e9ad]
V  [jvm.dll+0x6d565d]
C  [ucrtbase.dll+0x37b0]
C  [KERNEL32.DLL+0x2e8d7]
C  [ntdll.dll+0x8c53c]


---------------  P R O C E S S  ---------------

Threads class SMR info:
_java_thread_list=0x000001ef714fb120, length=56, elements={
0x000001ef0f7b79c0, 0x000001ef6b4444b0, 0x000001ef11a7e590, 0x000001ef6b448230,
0x000001ef6b448e80, 0x000001ef6b4532b0, 0x000001ef6b4779b0, 0x000001ef6b47f4d0,
0x000001ef6b481800, 0x000001ef6b642280, 0x000001ef6b7adbc0, 0x000001ef707a5210,
0x000001ef70ab3c40, 0x000001ef707da160, 0x000001ef70988120, 0x000001ef70d1c800,
0x000001ef710b5890, 0x000001ef70ffab00, 0x000001ef70ffa470, 0x000001ef70ff90c0,
0x000001ef70ff9750, 0x000001ef70ff8a30, 0x000001ef72a9db70, 0x000001ef72a9c7c0,
0x000001ef72a9e890, 0x000001ef72a9ef20, 0x000001ef72a9baa0, 0x000001ef72a9c130,
0x000001ef72aa02d0, 0x000001ef72a9ce50, 0x000001ef72a9e200, 0x000001ef72a9f5b0,
0x000001ef72aa0960, 0x000001ef72a9fc40, 0x000001ef72a9d4e0, 0x000001ef72aa0ff0,
0x000001ef72aa30c0, 0x000001ef72aa23a0, 0x000001ef7344b020, 0x000001ef7344b6b0,
0x000001ef70ffb820, 0x000001ef74c827c0, 0x000001ef74c80d80, 0x000001ef74c81aa0,
0x000001ef734495e0, 0x000001ef7344a990, 0x000001ef73449c70, 0x000001ef73447510,
0x000001ef73447ba0, 0x000001ef73448230, 0x000001ef734488c0, 0x000001ef7344ca60,
0x000001ef72fc2150, 0x000001ef72fc2e70, 0x000001ef72fc3b90, 0x000001ef72fc27e0
}

Java Threads: ( => current thread )
  0x000001ef0f7b79c0 JavaThread "main"                              [_thread_blocked, id=2864, stack(0x00000060f3900000,0x00000060f3a00000) (1024K)]
  0x000001ef6b4444b0 JavaThread "Reference Handler"          daemon [_thread_blocked, id=15292, stack(0x00000060f3d00000,0x00000060f3e00000) (1024K)]
  0x000001ef11a7e590 JavaThread "Finalizer"                  daemon [_thread_blocked, id=6068, stack(0x00000060f3e00000,0x00000060f3f00000) (1024K)]
  0x000001ef6b448230 JavaThread "Signal Dispatcher"          daemon [_thread_blocked, id=10684, stack(0x00000060f3f00000,0x00000060f4000000) (1024K)]
=>0x000001ef6b448e80 JavaThread "Attach Listener"            daemon [_thread_in_vm, id=3056, stack(0x00000060f4000000,0x00000060f4100000) (1024K)]
  0x000001ef6b4532b0 JavaThread "Service Thread"             daemon [_thread_blocked, id=14948, stack(0x00000060f4100000,0x00000060f4200000) (1024K)]
  0x000001ef6b4779b0 JavaThread "Monitor Deflation Thread"   daemon [_thread_blocked, id=2144, stack(0x00000060f4200000,0x00000060f4300000) (1024K)]
  0x000001ef6b47f4d0 JavaThread "C2 CompilerThread0"         daemon [_thread_blocked, id=3364, stack(0x00000060f4300000,0x00000060f4400000) (1024K)]
  0x000001ef6b481800 JavaThread "C1 CompilerThread0"         daemon [_thread_blocked, id=6516, stack(0x00000060f4400000,0x00000060f4500000) (1024K)]
  0x000001ef6b642280 JavaThread "Common-Cleaner"             daemon [_thread_blocked, id=1704, stack(0x00000060f4600000,0x00000060f4700000) (1024K)]
  0x000001ef6b7adbc0 JavaThread "Notification Thread"        daemon [_thread_blocked, id=2920, stack(0x00000060f4700000,0x00000060f4800000) (1024K)]
  0x000001ef707a5210 JavaThread "Active Thread: Equinox Container: 473bbb16-3121-48f8-84da-a3eafdc142c4"        [_thread_blocked, id=12716, stack(0x00000060f4f00000,0x00000060f5000000) (1024K)]
  0x000001ef70ab3c40 JavaThread "Refresh Thread: Equinox Container: 473bbb16-3121-48f8-84da-a3eafdc142c4" daemon [_thread_blocked, id=16280, stack(0x00000060f5100000,0x00000060f5200000) (1024K)]
  0x000001ef707da160 JavaThread "Framework Event Dispatcher: Equinox Container: 473bbb16-3121-48f8-84da-a3eafdc142c4" daemon [_thread_blocked, id=16020, stack(0x00000060f5200000,0x00000060f5300000) (1024K)]
  0x000001ef70988120 JavaThread "Start Level: Equinox Container: 473bbb16-3121-48f8-84da-a3eafdc142c4" daemon [_thread_blocked, id=12364, stack(0x00000060f5300000,0x00000060f5400000) (1024K)]
  0x000001ef70d1c800 JavaThread "Bundle File Closer"         daemon [_thread_blocked, id=1848, stack(0x00000060f5600000,0x00000060f5700000) (1024K)]
  0x000001ef710b5890 JavaThread "SCR Component Actor"        daemon [_thread_blocked, id=1644, stack(0x00000060f5700000,0x00000060f5800000) (1024K)]
  0x000001ef70ffab00 JavaThread "Worker-JM"                         [_thread_blocked, id=9552, stack(0x00000060f5800000,0x00000060f5900000) (1024K)]
  0x000001ef70ffa470 JavaThread "JNA Cleaner"                daemon [_thread_blocked, id=11016, stack(0x00000060f4800000,0x00000060f4900000) (1024K)]
  0x000001ef70ff90c0 JavaThread "Java indexing"              daemon [_thread_blocked, id=12136, stack(0x00000060f5c00000,0x00000060f5d00000) (1024K)]
  0x000001ef70ff9750 JavaThread "Worker-2"                          [_thread_blocked, id=2868, stack(0x00000060f5f00000,0x00000060f6000000) (1024K)]
  0x000001ef70ff8a30 JavaThread "Thread-1"                   daemon [_thread_in_native, id=3256, stack(0x00000060f6200000,0x00000060f6300000) (1024K)]
  0x000001ef72a9db70 JavaThread "Thread-2"                   daemon [_thread_in_native, id=12212, stack(0x00000060f6300000,0x00000060f6400000) (1024K)]
  0x000001ef72a9c7c0 JavaThread "Thread-3"                   daemon [_thread_in_native, id=11900, stack(0x00000060f6400000,0x00000060f6500000) (1024K)]
  0x000001ef72a9e890 JavaThread "Thread-4"                   daemon [_thread_in_native, id=14864, stack(0x00000060f6500000,0x00000060f6600000) (1024K)]
  0x000001ef72a9ef20 JavaThread "Thread-5"                   daemon [_thread_in_native, id=4452, stack(0x00000060f6600000,0x00000060f6700000) (1024K)]
  0x000001ef72a9baa0 JavaThread "Thread-6"                   daemon [_thread_in_native, id=8396, stack(0x00000060f6700000,0x00000060f6800000) (1024K)]
  0x000001ef72a9c130 JavaThread "Thread-7"                   daemon [_thread_in_native, id=5600, stack(0x00000060f6800000,0x00000060f6900000) (1024K)]
  0x000001ef72aa02d0 JavaThread "Thread-8"                   daemon [_thread_in_native, id=8488, stack(0x00000060f6900000,0x00000060f6a00000) (1024K)]
  0x000001ef72a9ce50 JavaThread "Thread-9"                   daemon [_thread_in_native, id=14092, stack(0x00000060f6a00000,0x00000060f6b00000) (1024K)]
  0x000001ef72a9e200 JavaThread "Thread-10"                  daemon [_thread_in_native, id=6436, stack(0x00000060f6b00000,0x00000060f6c00000) (1024K)]
  0x000001ef72a9f5b0 JavaThread "Thread-11"                  daemon [_thread_in_native, id=5472, stack(0x00000060f6c00000,0x00000060f6d00000) (1024K)]
  0x000001ef72aa0960 JavaThread "Thread-12"                  daemon [_thread_in_native, id=15576, stack(0x00000060f6d00000,0x00000060f6e00000) (1024K)]
  0x000001ef72a9fc40 JavaThread "Thread-13"                  daemon [_thread_in_native, id=2324, stack(0x00000060f6e00000,0x00000060f6f00000) (1024K)]
  0x000001ef72a9d4e0 JavaThread "pool-2-thread-1"                   [_thread_blocked, id=8136, stack(0x00000060f6f00000,0x00000060f7000000) (1024K)]
  0x000001ef72aa0ff0 JavaThread "WorkspaceEventsHandler"            [_thread_blocked, id=1980, stack(0x00000060f7000000,0x00000060f7100000) (1024K)]
  0x000001ef72aa30c0 JavaThread "pool-1-thread-1"                   [_thread_blocked, id=2244, stack(0x00000060f7100000,0x00000060f7200000) (1024K)]
  0x000001ef72aa23a0 JavaThread "ForkJoinPool.commonPool-worker-3" daemon [_thread_blocked, id=1944, stack(0x00000060f7400000,0x00000060f7500000) (1024K)]
  0x000001ef7344b020 JavaThread "ForkJoinPool.commonPool-worker-11" daemon [_thread_blocked, id=1264, stack(0x00000060f7d00000,0x00000060f7e00000) (1024K)]
  0x000001ef7344b6b0 JavaThread "Cleaner-0"                  daemon [_thread_blocked, id=10276, stack(0x00000060f7c00000,0x00000060f7d00000) (1024K)]
  0x000001ef70ffb820 JavaThread "Worker-7"                          [_thread_blocked, id=14964, stack(0x00000060f5a00000,0x00000060f5b00000) (1024K)]
  0x000001ef74c827c0 JavaThread "Java Debug Server"          daemon [_thread_in_native, id=3908, stack(0x00000060f3600000,0x00000060f3700000) (1024K)]
  0x000001ef74c80d80 JavaThread "RxSchedulerPurge-1"         daemon [_thread_blocked, id=5596, stack(0x00000060f7f00000,0x00000060f8000000) (1024K)]
  0x000001ef74c81aa0 JavaThread "RxCachedWorkerPoolEvictor-1" daemon [_thread_blocked, id=15396, stack(0x00000060f8000000,0x00000060f8100000) (1024K)]
  0x000001ef734495e0 JavaThread "ForkJoinPool.commonPool-worker-12" daemon [_thread_blocked, id=7664, stack(0x00000060f3700000,0x00000060f3800000) (1024K)]
  0x000001ef7344a990 JavaThread "Worker-8"                          [_thread_blocked, id=5996, stack(0x00000060f4500000,0x00000060f4600000) (1024K)]
  0x000001ef73449c70 JavaThread "Compiler Source File Reader" daemon [_thread_blocked, id=15884, stack(0x00000060f3800000,0x00000060f3900000) (1024K)]
  0x000001ef73447510 JavaThread "Compiler Processing Task"   daemon [_thread_blocked, id=11700, stack(0x00000060f5900000,0x00000060f5a00000) (1024K)]
  0x000001ef73447ba0 JavaThread "Compiler Class File Writer" daemon [_thread_blocked, id=15656, stack(0x00000060f5b00000,0x00000060f5c00000) (1024K)]
  0x000001ef73448230 JavaThread "ForkJoinPool.commonPool-worker-13" daemon [_thread_blocked, id=808, stack(0x00000060f5d00000,0x00000060f5e00000) (1024K)]
  0x000001ef734488c0 JavaThread "ForkJoinPool.commonPool-worker-14" daemon [_thread_blocked, id=8236, stack(0x00000060f5e00000,0x00000060f5f00000) (1024K)]
  0x000001ef7344ca60 JavaThread "pool-1-thread-3"                   [_thread_blocked, id=2120, stack(0x00000060f6100000,0x00000060f6200000) (1024K)]
  0x000001ef72fc2150 JavaThread "ForkJoinPool.commonPool-worker-15" daemon [_thread_blocked, id=5756, stack(0x00000060f6000000,0x00000060f6100000) (1024K)]
  0x000001ef72fc2e70 JavaThread "ForkJoinPool.commonPool-worker-16" daemon [_thread_blocked, id=15732, stack(0x00000060f7200000,0x00000060f7300000) (1024K)]
  0x000001ef72fc3b90 JavaThread "Compiler Source File Reader" daemon [_thread_blocked, id=12052, stack(0x00000060f7300000,0x00000060f7400000) (1024K)]
  0x000001ef72fc27e0 JavaThread "Compiler Source File Reader" daemon [_thread_blocked, id=12668, stack(0x00000060f7500000,0x00000060f7600000) (1024K)]
Total: 56

Other Threads:
  0x000001ef11a63b10 VMThread "VM Thread"                           [id=5100, stack(0x00000060f3c00000,0x00000060f3d00000) (1024K)]
  0x000001ef11b3a2a0 WatcherThread "VM Periodic Task Thread"        [id=6756, stack(0x00000060f3b00000,0x00000060f3c00000) (1024K)]
  0x000001ef11aedb90 WorkerThread "GC Thread#0"                     [id=2312, stack(0x00000060f3a00000,0x00000060f3b00000) (1024K)]
  0x000001ef70604f80 WorkerThread "GC Thread#1"                     [id=3440, stack(0x00000060f4900000,0x00000060f4a00000) (1024K)]
  0x000001ef708f87c0 WorkerThread "GC Thread#2"                     [id=10304, stack(0x00000060f4a00000,0x00000060f4b00000) (1024K)]
  0x000001ef708f8b60 WorkerThread "GC Thread#3"                     [id=16380, stack(0x00000060f4b00000,0x00000060f4c00000) (1024K)]
  0x000001ef70973150 WorkerThread "GC Thread#4"                     [id=7640, stack(0x00000060f4c00000,0x00000060f4d00000) (1024K)]
  0x000001ef709734f0 WorkerThread "GC Thread#5"                     [id=9060, stack(0x00000060f4d00000,0x00000060f4e00000) (1024K)]
  0x000001ef706e1200 WorkerThread "GC Thread#6"                     [id=3488, stack(0x00000060f4e00000,0x00000060f4f00000) (1024K)]
  0x000001ef70d7f3b0 WorkerThread "GC Thread#7"                     [id=7108, stack(0x00000060f5000000,0x00000060f5100000) (1024K)]
  0x000001ef707d8280 WorkerThread "GC Thread#8"                     [id=7680, stack(0x00000060f5400000,0x00000060f5500000) (1024K)]
  0x000001ef707d8d60 WorkerThread "GC Thread#9"                     [id=3404, stack(0x00000060f5500000,0x00000060f5600000) (1024K)]
Total: 12

Threads with active compile tasks:
Total: 0

VM state: not at safepoint (normal execution)

VM Mutex/Monitor currently owned by a thread: None

Heap address: 0x0000000080000000, size: 2048 MB, Compressed Oops mode: 32-bit

CDS archive(s) mapped at: [0x000001ef29000000-0x000001ef29ba0000-0x000001ef29ba0000), size 12189696, SharedBaseAddress: 0x000001ef29000000, ArchiveRelocationMode: 1.
Compressed class space mapped at: 0x000001ef2a000000-0x000001ef6a000000, reserved size: 1073741824
Narrow klass base: 0x000001ef29000000, Narrow klass shift: 0, Narrow klass range: 0x100000000

GC Precious Log:
 CardTable entry size: 512
 CPUs: 12 total, 12 available
 Memory: 16181M
 Large Page Support: Disabled
 NUMA Support: Disabled
 Compressed Oops: Enabled (32-bit)
 Alignments: Space 512K, Generation 512K, Heap 2M
 Heap Min Capacity: 100M
 Heap Initial Capacity: 100M
 Heap Max Capacity: 2G
 Pre-touch: Disabled
 Parallel Workers: 10

Heap:
 PSYoungGen      total 3584K, used 1251K [0x00000000d5580000, 0x00000000d5980000, 0x0000000100000000)
  eden space 2560K, 36% used [0x00000000d5580000,0x00000000d5668ea8,0x00000000d5800000)
  from space 1024K, 31% used [0x00000000d5800000,0x00000000d5850000,0x00000000d5900000)
  to   space 512K, 0% used [0x00000000d5900000,0x00000000d5900000,0x00000000d5980000)
 ParOldGen       total 511488K, used 511331K [0x0000000080000000, 0x000000009f380000, 0x00000000d5580000)
  object space 511488K, 99% used [0x0000000080000000,0x000000009f358d90,0x000000009f380000)
 Metaspace       used 91675K, committed 93504K, reserved 1179648K
  class space    used 9776K, committed 10560K, reserved 1048576K

Card table byte_map: [0x000001ef11470000,0x000001ef11880000] _byte_map_base: 0x000001ef11070000

Marking Bits: (ParMarkBitMap*) 0x00007ff983b72460
 Begin Bits: [0x000001ef23f80000, 0x000001ef25f80000)
 End Bits:   [0x000001ef25f80000, 0x000001ef27f80000)

Polling page: 0x000001ef0f910000

Metaspace:

Usage:
  Non-class:     79.98 MB used.
      Class:      9.55 MB used.
       Both:     89.53 MB used.

Virtual space:
  Non-class space:      128.00 MB reserved,      81.00 MB ( 63%) committed,  2 nodes.
      Class space:        1.00 GB reserved,      10.31 MB (  1%) committed,  1 nodes.
             Both:        1.12 GB reserved,      91.31 MB (  8%) committed. 

Chunk freelists:
   Non-Class:  14.95 MB
       Class:  5.59 MB
        Both:  20.55 MB

MaxMetaspaceSize: unlimited
CompressedClassSpaceSize: 1.00 GB
Initial GC threshold: 21.00 MB
Current GC threshold: 133.06 MB
CDS: on
 - commit_granule_bytes: 65536.
 - commit_granule_words: 8192.
 - virtual_space_node_default_size: 8388608.
 - enlarge_chunks_in_place: 1.
 - use_allocation_guard: 0.


Internal statistics:

num_allocs_failed_limit: 11.
num_arena_births: 1726.
num_arena_deaths: 22.
num_vsnodes_births: 3.
num_vsnodes_deaths: 0.
num_space_committed: 1461.
num_space_uncommitted: 0.
num_chunks_returned_to_freelist: 37.
num_chunks_taken_from_freelist: 6183.
num_chunk_merges: 21.
num_chunk_splits: 3745.
num_chunks_enlarged: 2082.
num_inconsistent_stats: 0.

CodeHeap 'non-profiled nmethods': size=120000Kb used=18005Kb max_used=18005Kb free=101994Kb
 bounds [0x000001ef1c7a0000, 0x000001ef1d940000, 0x000001ef23cd0000]
CodeHeap 'profiled nmethods': size=120000Kb used=43461Kb max_used=43461Kb free=76538Kb
 bounds [0x000001ef14cd0000, 0x000001ef17750000, 0x000001ef1c200000]
CodeHeap 'non-nmethods': size=5760Kb used=1547Kb max_used=1600Kb free=4212Kb
 bounds [0x000001ef1c200000, 0x000001ef1c470000, 0x000001ef1c7a0000]
CodeCache: size=245760Kb, used=63013Kb, max_used=63066Kb, free=182744Kb
 total_blobs=18269, nmethods=17412, adapters=759, full_count=0
Compilation: enabled, stopped_count=0, restarted_count=0

Compilation events (20 events):
Event: 1013.794 Thread 0x000001ef6b481800 18947       3       org.eclipse.jdt.internal.compiler.parser.Parser::markEnclosingMemberWithLocalOrFunctionalType (230 bytes)
Event: 1013.795 Thread 0x000001ef6b481800 nmethod 18947 0x000001ef1773ef90 code [0x000001ef1773f200, 0x000001ef1773ff10]
Event: 1013.798 Thread 0x000001ef6b47f4d0 18948       4       org.eclipse.jdt.internal.compiler.lookup.LookupEnvironment::restoreFrom (43 bytes)
Event: 1013.803 Thread 0x000001ef6b47f4d0 nmethod 18948 0x000001ef1d92ed10 code [0x000001ef1d92ef00, 0x000001ef1d92f328]
Event: 1013.803 Thread 0x000001ef6b47f4d0 18949       4       java.lang.ThreadLocal::setInitialValue (64 bytes)
Event: 1013.806 Thread 0x000001ef6b47f4d0 nmethod 18949 0x000001ef1d92f690 code [0x000001ef1d92f8a0, 0x000001ef1d92fdc8]
Event: 1014.458 Thread 0x000001ef6b47f4d0 18950       4       java.util.Hashtable$EntrySet::iterator (9 bytes)
Event: 1014.460 Thread 0x000001ef6b47f4d0 nmethod 18950 0x000001ef1d930290 code [0x000001ef1d930420, 0x000001ef1d9305b0]
Event: 1014.463 Thread 0x000001ef6b47f4d0 18951       4       org.eclipse.text.templates.TemplateStoreCore::internalAdd (78 bytes)
Event: 1014.475 Thread 0x000001ef6b47f4d0 nmethod 18951 0x000001ef1d930710 code [0x000001ef1d930920, 0x000001ef1d931518]
Event: 1015.736 Thread 0x000001ef6b47f4d0 18952       4       org.eclipse.jdt.internal.formatter.DefaultCodeFormatterOptions::setString (57 bytes)
Event: 1015.737 Thread 0x000001ef6b481800 18953  s!   3       org.eclipse.core.internal.registry.ReadWriteMonitor::enterRead (37 bytes)
Event: 1015.737 Thread 0x000001ef6b481800 nmethod 18953 0x000001ef17740290 code [0x000001ef17740460, 0x000001ef17740868]
Event: 1015.737 Thread 0x000001ef6b481800 18954  s    3       org.eclipse.core.internal.registry.RegistryObjectManager::getExtensionPointHandle (28 bytes)
Event: 1015.737 Thread 0x000001ef6b481800 nmethod 18954 0x000001ef17740990 code [0x000001ef17740b60, 0x000001ef17740f60]
Event: 1015.738 Thread 0x000001ef6b481800 18955       3       org.eclipse.jdt.internal.corext.fix.VariableDeclarationFixCore$VariableDeclarationFinder::<init> (38 bytes)
Event: 1015.738 Thread 0x000001ef6b481800 nmethod 18955 0x000001ef17741090 code [0x000001ef17741240, 0x000001ef17741538]
Event: 1015.741 Thread 0x000001ef6b47f4d0 nmethod 18952 0x000001ef1d931b90 code [0x000001ef1d931da0, 0x000001ef1d932338]
Event: 1015.741 Thread 0x000001ef6b47f4d0 18956       4       java.text.MessageFormat::applyPattern (422 bytes)
Event: 1015.758 Thread 0x000001ef6b47f4d0 nmethod 18956 0x000001ef1d932890 code [0x000001ef1d932be0, 0x000001ef1d934410]

GC Heap History (20 events):
Event: 1010.833 GC heap before
{Heap before GC invocations=730 (full 4):
 PSYoungGen      total 3072K, used 3040K [0x00000000d5580000, 0x00000000d5b80000, 0x0000000100000000)
  eden space 2560K, 100% used [0x00000000d5580000,0x00000000d5800000,0x00000000d5800000)
  from space 512K, 93% used [0x00000000d5800000,0x00000000d5878000,0x00000000d5880000)
  to   space 1536K, 0% used [0x00000000d5a00000,0x00000000d5a00000,0x00000000d5b80000)
 ParOldGen       total 506880K, used 506649K [0x0000000080000000, 0x000000009ef00000, 0x00000000d5580000)
  object space 506880K, 99% used [0x0000000080000000,0x000000009eec6608,0x000000009ef00000)
 Metaspace       used 91615K, committed 93440K, reserved 1179648K
  class space    used 9770K, committed 10560K, reserved 1048576K
}
Event: 1010.835 GC heap after
{Heap after GC invocations=730 (full 4):
 PSYoungGen      total 3584K, used 736K [0x00000000d5580000, 0x00000000d5b00000, 0x0000000100000000)
  eden space 2560K, 0% used [0x00000000d5580000,0x00000000d5580000,0x00000000d5800000)
  from space 1024K, 71% used [0x00000000d5a00000,0x00000000d5ab8000,0x00000000d5b00000)
  to   space 1024K, 0% used [0x00000000d5900000,0x00000000d5900000,0x00000000d5a00000)
 ParOldGen       total 507392K, used 507037K [0x0000000080000000, 0x000000009ef80000, 0x00000000d5580000)
  object space 507392K, 99% used [0x0000000080000000,0x000000009ef27558,0x000000009ef80000)
 Metaspace       used 91615K, committed 93440K, reserved 1179648K
  class space    used 9770K, committed 10560K, reserved 1048576K
}
Event: 1010.843 GC heap before
{Heap before GC invocations=731 (full 4):
 PSYoungGen      total 3584K, used 3296K [0x00000000d5580000, 0x00000000d5b00000, 0x0000000100000000)
  eden space 2560K, 100% used [0x00000000d5580000,0x00000000d5800000,0x00000000d5800000)
  from space 1024K, 71% used [0x00000000d5a00000,0x00000000d5ab8000,0x00000000d5b00000)
  to   space 1024K, 0% used [0x00000000d5900000,0x00000000d5900000,0x00000000d5a00000)
 ParOldGen       total 507392K, used 507037K [0x0000000080000000, 0x000000009ef80000, 0x00000000d5580000)
  object space 507392K, 99% used [0x0000000080000000,0x000000009ef27558,0x000000009ef80000)
 Metaspace       used 91615K, committed 93440K, reserved 1179648K
  class space    used 9770K, committed 10560K, reserved 1048576K
}
Event: 1010.844 GC heap after
{Heap after GC invocations=731 (full 4):
 PSYoungGen      total 3072K, used 416K [0x00000000d5580000, 0x00000000d5a80000, 0x0000000100000000)
  eden space 2560K, 0% used [0x00000000d5580000,0x00000000d5580000,0x00000000d5800000)
  from space 512K, 81% used [0x00000000d5900000,0x00000000d5968000,0x00000000d5980000)
  to   space 1024K, 0% used [0x00000000d5980000,0x00000000d5980000,0x00000000d5a80000)
 ParOldGen       total 507904K, used 507517K [0x0000000080000000, 0x000000009f000000, 0x00000000d5580000)
  object space 507904K, 99% used [0x0000000080000000,0x000000009ef9f558,0x000000009f000000)
 Metaspace       used 91615K, committed 93440K, reserved 1179648K
  class space    used 9770K, committed 10560K, reserved 1048576K
}
Event: 1011.227 GC heap before
{Heap before GC invocations=732 (full 4):
 PSYoungGen      total 3072K, used 2976K [0x00000000d5580000, 0x00000000d5a80000, 0x0000000100000000)
  eden space 2560K, 100% used [0x00000000d5580000,0x00000000d5800000,0x00000000d5800000)
  from space 512K, 81% used [0x00000000d5900000,0x00000000d5968000,0x00000000d5980000)
  to   space 1024K, 0% used [0x00000000d5980000,0x00000000d5980000,0x00000000d5a80000)
 ParOldGen       total 507904K, used 507517K [0x0000000080000000, 0x000000009f000000, 0x00000000d5580000)
  object space 507904K, 99% used [0x0000000080000000,0x000000009ef9f558,0x000000009f000000)
 Metaspace       used 91623K, committed 93440K, reserved 1179648K
  class space    used 9770K, committed 10560K, reserved 1048576K
}
Event: 1011.228 GC heap after
{Heap after GC invocations=732 (full 4):
 PSYoungGen      total 3072K, used 368K [0x00000000d5580000, 0x00000000d5a00000, 0x0000000100000000)
  eden space 2560K, 0% used [0x00000000d5580000,0x00000000d5580000,0x00000000d5800000)
  from space 512K, 71% used [0x00000000d5980000,0x00000000d59dc010,0x00000000d5a00000)
  to   space 512K, 0% used [0x00000000d5900000,0x00000000d5900000,0x00000000d5980000)
 ParOldGen       total 507904K, used 507533K [0x0000000080000000, 0x000000009f000000, 0x00000000d5580000)
  object space 507904K, 99% used [0x0000000080000000,0x000000009efa3558,0x000000009f000000)
 Metaspace       used 91623K, committed 93440K, reserved 1179648K
  class space    used 9770K, committed 10560K, reserved 1048576K
}
Event: 1011.455 GC heap before
{Heap before GC invocations=733 (full 4):
 PSYoungGen      total 3072K, used 2928K [0x00000000d5580000, 0x00000000d5a00000, 0x0000000100000000)
  eden space 2560K, 100% used [0x00000000d5580000,0x00000000d5800000,0x00000000d5800000)
  from space 512K, 71% used [0x00000000d5980000,0x00000000d59dc010,0x00000000d5a00000)
  to   space 512K, 0% used [0x00000000d5900000,0x00000000d5900000,0x00000000d5980000)
 ParOldGen       total 509440K, used 509036K [0x0000000080000000, 0x000000009f180000, 0x00000000d5580000)
  object space 509440K, 99% used [0x0000000080000000,0x000000009f11b060,0x000000009f180000)
 Metaspace       used 91624K, committed 93440K, reserved 1179648K
  class space    used 9770K, committed 10560K, reserved 1048576K
}
Event: 1011.456 GC heap after
{Heap after GC invocations=733 (full 4):
 PSYoungGen      total 3072K, used 486K [0x00000000d5580000, 0x00000000d5a00000, 0x0000000100000000)
  eden space 2560K, 0% used [0x00000000d5580000,0x00000000d5580000,0x00000000d5800000)
  from space 512K, 95% used [0x00000000d5900000,0x00000000d59799c0,0x00000000d5980000)
  to   space 512K, 0% used [0x00000000d5980000,0x00000000d5980000,0x00000000d5a00000)
 ParOldGen       total 509440K, used 509401K [0x0000000080000000, 0x000000009f180000, 0x00000000d5580000)
  object space 509440K, 99% used [0x0000000080000000,0x000000009f1764f0,0x000000009f180000)
 Metaspace       used 91624K, committed 93440K, reserved 1179648K
  class space    used 9770K, committed 10560K, reserved 1048576K
}
Event: 1011.647 GC heap before
{Heap before GC invocations=734 (full 4):
 PSYoungGen      total 3072K, used 3046K [0x00000000d5580000, 0x00000000d5a00000, 0x0000000100000000)
  eden space 2560K, 99% used [0x00000000d5580000,0x00000000d57fff90,0x00000000d5800000)
  from space 512K, 95% used [0x00000000d5900000,0x00000000d59799c0,0x00000000d5980000)
  to   space 512K, 0% used [0x00000000d5980000,0x00000000d5980000,0x00000000d5a00000)
 ParOldGen       total 509440K, used 509401K [0x0000000080000000, 0x000000009f180000, 0x00000000d5580000)
  object space 509440K, 99% used [0x0000000080000000,0x000000009f1764f0,0x000000009f180000)
 Metaspace       used 91628K, committed 93440K, reserved 1179648K
  class space    used 9770K, committed 10560K, reserved 1048576K
}
Event: 1011.649 GC heap after
{Heap after GC invocations=734 (full 4):
 PSYoungGen      total 3072K, used 512K [0x00000000d5580000, 0x00000000d5b00000, 0x0000000100000000)
  eden space 2560K, 0% used [0x00000000d5580000,0x00000000d5580000,0x00000000d5800000)
  from space 512K, 100% used [0x00000000d5980000,0x00000000d5a00000,0x00000000d5a00000)
  to   space 1536K, 0% used [0x00000000d5800000,0x00000000d5800000,0x00000000d5980000)
 ParOldGen       total 510464K, used 509983K [0x0000000080000000, 0x000000009f280000, 0x00000000d5580000)
  object space 510464K, 99% used [0x0000000080000000,0x000000009f207ec0,0x000000009f280000)
 Metaspace       used 91628K, committed 93440K, reserved 1179648K
  class space    used 9770K, committed 10560K, reserved 1048576K
}
Event: 1011.930 GC heap before
{Heap before GC invocations=735 (full 4):
 PSYoungGen      total 3072K, used 3071K [0x00000000d5580000, 0x00000000d5b00000, 0x0000000100000000)
  eden space 2560K, 99% used [0x00000000d5580000,0x00000000d57ffff8,0x00000000d5800000)
  from space 512K, 100% used [0x00000000d5980000,0x00000000d5a00000,0x00000000d5a00000)
  to   space 1536K, 0% used [0x00000000d5800000,0x00000000d5800000,0x00000000d5980000)
 ParOldGen       total 510464K, used 509983K [0x0000000080000000, 0x000000009f280000, 0x00000000d5580000)
  object space 510464K, 99% used [0x0000000080000000,0x000000009f207ec0,0x000000009f280000)
 Metaspace       used 91630K, committed 93440K, reserved 1179648K
  class space    used 9770K, committed 10560K, reserved 1048576K
}
Event: 1011.933 GC heap after
{Heap after GC invocations=735 (full 4):
 PSYoungGen      total 3072K, used 352K [0x00000000d5580000, 0x00000000d5a00000, 0x0000000100000000)
  eden space 2560K, 0% used [0x00000000d5580000,0x00000000d5580000,0x00000000d5800000)
  from space 512K, 68% used [0x00000000d5800000,0x00000000d5858000,0x00000000d5880000)
  to   space 1024K, 0% used [0x00000000d5900000,0x00000000d5900000,0x00000000d5a00000)
 ParOldGen       total 510464K, used 510462K [0x0000000080000000, 0x000000009f280000, 0x00000000d5580000)
  object space 510464K, 99% used [0x0000000080000000,0x000000009f27f900,0x000000009f280000)
 Metaspace       used 91630K, committed 93440K, reserved 1179648K
  class space    used 9770K, committed 10560K, reserved 1048576K
}
Event: 1013.378 GC heap before
{Heap before GC invocations=736 (full 4):
 PSYoungGen      total 3072K, used 2912K [0x00000000d5580000, 0x00000000d5a00000, 0x0000000100000000)
  eden space 2560K, 100% used [0x00000000d5580000,0x00000000d5800000,0x00000000d5800000)
  from space 512K, 68% used [0x00000000d5800000,0x00000000d5858000,0x00000000d5880000)
  to   space 1024K, 0% used [0x00000000d5900000,0x00000000d5900000,0x00000000d5a00000)
 ParOldGen       total 510464K, used 510462K [0x0000000080000000, 0x000000009f280000, 0x00000000d5580000)
  object space 510464K, 99% used [0x0000000080000000,0x000000009f27f900,0x000000009f280000)
 Metaspace       used 91658K, committed 93504K, reserved 1179648K
  class space    used 9774K, committed 10560K, reserved 1048576K
}
Event: 1013.379 GC heap after
{Heap after GC invocations=736 (full 4):
 PSYoungGen      total 3072K, used 352K [0x00000000d5580000, 0x00000000d5980000, 0x0000000100000000)
  eden space 2560K, 0% used [0x00000000d5580000,0x00000000d5580000,0x00000000d5800000)
  from space 512K, 68% used [0x00000000d5900000,0x00000000d5958000,0x00000000d5980000)
  to   space 512K, 0% used [0x00000000d5800000,0x00000000d5800000,0x00000000d5880000)
 ParOldGen       total 510976K, used 510582K [0x0000000080000000, 0x000000009f300000, 0x00000000d5580000)
  object space 510976K, 99% used [0x0000000080000000,0x000000009f29d900,0x000000009f300000)
 Metaspace       used 91658K, committed 93504K, reserved 1179648K
  class space    used 9774K, committed 10560K, reserved 1048576K
}
Event: 1013.792 GC heap before
{Heap before GC invocations=737 (full 4):
 PSYoungGen      total 3072K, used 2912K [0x00000000d5580000, 0x00000000d5980000, 0x0000000100000000)
  eden space 2560K, 100% used [0x00000000d5580000,0x00000000d5800000,0x00000000d5800000)
  from space 512K, 68% used [0x00000000d5900000,0x00000000d5958000,0x00000000d5980000)
  to   space 512K, 0% used [0x00000000d5800000,0x00000000d5800000,0x00000000d5880000)
 ParOldGen       total 510976K, used 510582K [0x0000000080000000, 0x000000009f300000, 0x00000000d5580000)
  object space 510976K, 99% used [0x0000000080000000,0x000000009f29d900,0x000000009f300000)
 Metaspace       used 91662K, committed 93504K, reserved 1179648K
  class space    used 9774K, committed 10560K, reserved 1048576K
}
Event: 1013.793 GC heap after
{Heap after GC invocations=737 (full 4):
 PSYoungGen      total 3072K, used 512K [0x00000000d5580000, 0x00000000d5a00000, 0x0000000100000000)
  eden space 2560K, 0% used [0x00000000d5580000,0x00000000d5580000,0x00000000d5800000)
  from space 512K, 100% used [0x00000000d5800000,0x00000000d5880000,0x00000000d5880000)
  to   space 1024K, 0% used [0x00000000d5900000,0x00000000d5900000,0x00000000d5a00000)
 ParOldGen       total 510976K, used 510846K [0x0000000080000000, 0x000000009f300000, 0x00000000d5580000)
  object space 510976K, 99% used [0x0000000080000000,0x000000009f2df900,0x000000009f300000)
 Metaspace       used 91662K, committed 93504K, reserved 1179648K
  class space    used 9774K, committed 10560K, reserved 1048576K
}
Event: 1013.798 GC heap before
{Heap before GC invocations=738 (full 4):
 PSYoungGen      total 3072K, used 3072K [0x00000000d5580000, 0x00000000d5a00000, 0x0000000100000000)
  eden space 2560K, 100% used [0x00000000d5580000,0x00000000d5800000,0x00000000d5800000)
  from space 512K, 100% used [0x00000000d5800000,0x00000000d5880000,0x00000000d5880000)
  to   space 1024K, 0% used [0x00000000d5900000,0x00000000d5900000,0x00000000d5a00000)
 ParOldGen       total 510976K, used 510846K [0x0000000080000000, 0x000000009f300000, 0x00000000d5580000)
  object space 510976K, 99% used [0x0000000080000000,0x000000009f2df900,0x000000009f300000)
 Metaspace       used 91663K, committed 93504K, reserved 1179648K
  class space    used 9774K, committed 10560K, reserved 1048576K
}
Event: 1013.799 GC heap after
{Heap after GC invocations=738 (full 4):
 PSYoungGen      total 3584K, used 512K [0x00000000d5580000, 0x00000000d5a00000, 0x0000000100000000)
  eden space 2560K, 0% used [0x00000000d5580000,0x00000000d5580000,0x00000000d5800000)
  from space 1024K, 50% used [0x00000000d5900000,0x00000000d5980000,0x00000000d5a00000)
  to   space 1024K, 0% used [0x00000000d5800000,0x00000000d5800000,0x00000000d5900000)
 ParOldGen       total 511488K, used 511315K [0x0000000080000000, 0x000000009f380000, 0x00000000d5580000)
  object space 511488K, 99% used [0x0000000080000000,0x000000009f354d90,0x000000009f380000)
 Metaspace       used 91663K, committed 93504K, reserved 1179648K
  class space    used 9774K, committed 10560K, reserved 1048576K
}
Event: 1014.465 GC heap before
{Heap before GC invocations=739 (full 4):
 PSYoungGen      total 3584K, used 3072K [0x00000000d5580000, 0x00000000d5a00000, 0x0000000100000000)
  eden space 2560K, 100% used [0x00000000d5580000,0x00000000d5800000,0x00000000d5800000)
  from space 1024K, 50% used [0x00000000d5900000,0x00000000d5980000,0x00000000d5a00000)
  to   space 1024K, 0% used [0x00000000d5800000,0x00000000d5800000,0x00000000d5900000)
 ParOldGen       total 511488K, used 511315K [0x0000000080000000, 0x000000009f380000, 0x00000000d5580000)
  object space 511488K, 99% used [0x0000000080000000,0x000000009f354d90,0x000000009f380000)
 Metaspace       used 91673K, committed 93504K, reserved 1179648K
  class space    used 9776K, committed 10560K, reserved 1048576K
}
Event: 1014.465 GC heap after
{Heap after GC invocations=739 (full 4):
 PSYoungGen      total 3584K, used 320K [0x00000000d5580000, 0x00000000d5980000, 0x0000000100000000)
  eden space 2560K, 0% used [0x00000000d5580000,0x00000000d5580000,0x00000000d5800000)
  from space 1024K, 31% used [0x00000000d5800000,0x00000000d5850000,0x00000000d5900000)
  to   space 512K, 0% used [0x00000000d5900000,0x00000000d5900000,0x00000000d5980000)
 ParOldGen       total 511488K, used 511331K [0x0000000080000000, 0x000000009f380000, 0x00000000d5580000)
  object space 511488K, 99% used [0x0000000080000000,0x000000009f358d90,0x000000009f380000)
 Metaspace       used 91673K, committed 93504K, reserved 1179648K
  class space    used 9776K, committed 10560K, reserved 1048576K
}

Dll operation events (12 events):
Event: 0.009 Loaded shared library c:\Users\alumne-DAM\.vscode\extensions\redhat.java-1.51.0-win32-x64\jre\21.0.9-win32-x86_64\bin\java.dll
Event: 0.064 Loaded shared library c:\Users\alumne-DAM\.vscode\extensions\redhat.java-1.51.0-win32-x64\jre\21.0.9-win32-x86_64\bin\zip.dll
Event: 0.085 Loaded shared library C:\Users\alumne-DAM\.vscode\extensions\redhat.java-1.51.0-win32-x64\jre\21.0.9-win32-x86_64\bin\instrument.dll
Event: 0.090 Loaded shared library C:\Users\alumne-DAM\.vscode\extensions\redhat.java-1.51.0-win32-x64\jre\21.0.9-win32-x86_64\bin\net.dll
Event: 0.092 Loaded shared library C:\Users\alumne-DAM\.vscode\extensions\redhat.java-1.51.0-win32-x64\jre\21.0.9-win32-x86_64\bin\nio.dll
Event: 0.094 Loaded shared library C:\Users\alumne-DAM\.vscode\extensions\redhat.java-1.51.0-win32-x64\jre\21.0.9-win32-x86_64\bin\zip.dll
Event: 0.107 Loaded shared library C:\Users\alumne-DAM\.vscode\extensions\redhat.java-1.51.0-win32-x64\jre\21.0.9-win32-x86_64\bin\jimage.dll
Event: 0.168 Loaded shared library c:\Users\alumne-DAM\.vscode\extensions\redhat.java-1.51.0-win32-x64\jre\21.0.9-win32-x86_64\bin\verify.dll
Event: 1.011 Loaded shared library C:\Users\alumne-DAM\AppData\Roaming\Code\User\globalStorage\redhat.java\1.51.0\config_win\org.eclipse.equinox.launcher\org.eclipse.equinox.launcher.win32.win32.x86_64_1.2.1400.v20250801-0854\eclipse_11916.dll
Event: 2.094 Loaded shared library C:\Users\alumne-DAM\AppData\Local\Temp\jna--570604515\jna14174035334930537386.dll
Event: 185.889 Loaded shared library C:\Users\alumne-DAM\.vscode\extensions\redhat.java-1.51.0-win32-x64\jre\21.0.9-win32-x86_64\bin\extnet.dll
Event: 275.022 Loaded shared library C:\Users\alumne-DAM\.vscode\extensions\redhat.java-1.51.0-win32-x64\jre\21.0.9-win32-x86_64\bin\sunmscapi.dll

Deoptimization events (20 events):
Event: 1013.380 Thread 0x000001ef734495e0 Uncommon trap: trap_request=0xffffffde fr.pc=0x000001ef1d6a5428 relative=0x00000000000015a8
Event: 1013.380 Thread 0x000001ef734495e0 Uncommon trap: reason=class_check action=maybe_recompile pc=0x000001ef1d6a5428 method=org.eclipse.jdt.internal.compiler.parser.Parser.parse()V @ 781 c2
Event: 1013.380 Thread 0x000001ef734495e0 DEOPT PACKING pc=0x000001ef1d6a5428 sp=0x00000060f37fdec0
Event: 1013.380 Thread 0x000001ef734495e0 DEOPT UNPACKING pc=0x000001ef1c256da2 sp=0x00000060f37fde60 mode 2
Event: 1013.791 Thread 0x000001ef70ffb820 Uncommon trap: trap_request=0xffffffde fr.pc=0x000001ef1d6a5428 relative=0x00000000000015a8
Event: 1013.791 Thread 0x000001ef70ffb820 Uncommon trap: reason=class_check action=maybe_recompile pc=0x000001ef1d6a5428 method=org.eclipse.jdt.internal.compiler.parser.Parser.parse()V @ 781 c2
Event: 1013.791 Thread 0x000001ef70ffb820 DEOPT PACKING pc=0x000001ef1d6a5428 sp=0x00000060f5afe760
Event: 1013.791 Thread 0x000001ef70ffb820 DEOPT UNPACKING pc=0x000001ef1c256da2 sp=0x00000060f5afe700 mode 2
Event: 1013.797 Thread 0x000001ef70ffb820 Uncommon trap: trap_request=0xffffffde fr.pc=0x000001ef1d6a5428 relative=0x00000000000015a8
Event: 1013.797 Thread 0x000001ef70ffb820 Uncommon trap: reason=class_check action=maybe_recompile pc=0x000001ef1d6a5428 method=org.eclipse.jdt.internal.compiler.parser.Parser.parse()V @ 781 c2
Event: 1013.797 Thread 0x000001ef70ffb820 DEOPT PACKING pc=0x000001ef1d6a5428 sp=0x00000060f5afe760
Event: 1013.797 Thread 0x000001ef70ffb820 DEOPT UNPACKING pc=0x000001ef1c256da2 sp=0x00000060f5afe700 mode 2
Event: 1014.461 Thread 0x000001ef73448230 Uncommon trap: trap_request=0xffffff45 fr.pc=0x000001ef1d6b8e90 relative=0x0000000000000070
Event: 1014.462 Thread 0x000001ef73448230 Uncommon trap: reason=unstable_if action=reinterpret pc=0x000001ef1d6b8e90 method=org.eclipse.jdt.core.dom.MethodInvocation.getName()Lorg/eclipse/jdt/core/dom/SimpleName; @ 4 c2
Event: 1014.462 Thread 0x000001ef73448230 DEOPT PACKING pc=0x000001ef1d6b8e90 sp=0x00000060f5dfe030
Event: 1014.462 Thread 0x000001ef73448230 DEOPT UNPACKING pc=0x000001ef1c256da2 sp=0x00000060f5dfdfc0 mode 2
Event: 1014.462 Thread 0x000001ef73448230 Uncommon trap: trap_request=0xffffff45 fr.pc=0x000001ef1d0fbcfc relative=0x000000000000097c
Event: 1014.462 Thread 0x000001ef73448230 Uncommon trap: reason=unstable_if action=reinterpret pc=0x000001ef1d0fbcfc method=java.util.Arrays.copyOfRange([CII)[C @ 7 c2
Event: 1014.462 Thread 0x000001ef73448230 DEOPT PACKING pc=0x000001ef1d0fbcfc sp=0x00000060f5dfd9f0
Event: 1014.462 Thread 0x000001ef73448230 DEOPT UNPACKING pc=0x000001ef1c256da2 sp=0x00000060f5dfd910 mode 2

Classes loaded (20 events):
Event: 275.945 Loading class sun/net/www/http/KeepAliveStream$1
Event: 275.945 Loading class sun/net/www/http/KeepAliveStream$1 done
Event: 275.945 Loading class sun/net/www/http/ChunkedInputStream
Event: 275.946 Loading class sun/net/www/http/ChunkedInputStream done
Event: 275.986 Loading class sun/net/www/http/KeepAliveCache$1
Event: 275.986 Loading class sun/net/www/http/KeepAliveCache$1 done
Event: 275.986 Loading class sun/net/www/http/KeepAliveCache$ClientVector
Event: 275.986 Loading class sun/net/www/http/KeepAliveCache$ClientVector done
Event: 275.988 Loading class sun/net/www/http/KeepAliveEntry
Event: 275.988 Loading class sun/net/www/http/KeepAliveEntry done
Event: 285.988 Loading class sun/security/ssl/Alert
Event: 285.989 Loading class sun/security/ssl/Alert done
Event: 285.989 Loading class sun/security/ssl/Alert$AlertConsumer
Event: 285.989 Loading class sun/security/ssl/Alert$AlertConsumer done
Event: 285.989 Loading class sun/security/ssl/Alert$Level
Event: 285.989 Loading class sun/security/ssl/Alert$Level done
Event: 965.263 Loading class java/util/Collections$EmptyListIterator
Event: 965.263 Loading class java/util/Collections$EmptyListIterator done
Event: 987.685 Loading class java/nio/channels/CompletionHandler
Event: 987.685 Loading class java/nio/channels/CompletionHandler done

Classes unloaded (11 events):
Event: 2.618 Thread 0x000001ef11a63b10 Unloading class 0x000001ef2a1a5400 'java/lang/invoke/LambdaForm$MH+0x000001ef2a1a5400'
Event: 2.618 Thread 0x000001ef11a63b10 Unloading class 0x000001ef2a1a5000 'java/lang/invoke/LambdaForm$MH+0x000001ef2a1a5000'
Event: 2.618 Thread 0x000001ef11a63b10 Unloading class 0x000001ef2a1a4c00 'java/lang/invoke/LambdaForm$MH+0x000001ef2a1a4c00'
Event: 2.618 Thread 0x000001ef11a63b10 Unloading class 0x000001ef2a1a4800 'java/lang/invoke/LambdaForm$MH+0x000001ef2a1a4800'
Event: 2.618 Thread 0x000001ef11a63b10 Unloading class 0x000001ef2a1a4400 'java/lang/invoke/LambdaForm$BMH+0x000001ef2a1a4400'
Event: 2.618 Thread 0x000001ef11a63b10 Unloading class 0x000001ef2a1a4000 'java/lang/invoke/LambdaForm$DMH+0x000001ef2a1a4000'
Event: 2.618 Thread 0x000001ef11a63b10 Unloading class 0x000001ef2a1a2c00 'java/lang/invoke/LambdaForm$DMH+0x000001ef2a1a2c00'
Event: 153.708 Thread 0x000001ef11a63b10 Unloading class 0x000001ef2a770c00 'java/lang/invoke/LambdaForm$DMH+0x000001ef2a770c00'
Event: 153.708 Thread 0x000001ef11a63b10 Unloading class 0x000001ef2a771400 'java/lang/invoke/LambdaForm$DMH+0x000001ef2a771400'
Event: 153.708 Thread 0x000001ef11a63b10 Unloading class 0x000001ef2a771000 'java/lang/invoke/LambdaForm$DMH+0x000001ef2a771000'
Event: 153.708 Thread 0x000001ef11a63b10 Unloading class 0x000001ef2a770400 'java/lang/invoke/LambdaForm$DMH+0x000001ef2a770400'

Classes redefined (0 events):
No events

Internal exceptions (20 events):
Event: 977.921 Thread 0x000001ef72aa23a0 Exception <a 'java/lang/ArrayIndexOutOfBoundsException'{0x00000000d5681990}> (0x00000000d5681990) 
thrown [s\src\hotspot\share\runtime\sharedRuntime.cpp, line 625]
Event: 986.491 Thread 0x000001ef72aa30c0 Exception <a 'java/lang/NoSuchMethodError'{0x00000000d55a0c10}: 'java.lang.Object java.lang.invoke.DirectMethodHandle$Holder.invokeStatic(java.lang.Object, int, int, java.lang.Object)'> (0x00000000d55a0c10) 
thrown [s\src\hotspot\share\interpreter\linkResolver.cpp, line 773]
Event: 987.310 Thread 0x000001ef72aa23a0 Exception <a 'java/lang/ArrayIndexOutOfBoundsException'{0x00000000d56bbe78}> (0x00000000d56bbe78) 
thrown [s\src\hotspot\share\runtime\sharedRuntime.cpp, line 625]
Event: 987.607 Thread 0x000001ef70ff90c0 Exception <a 'sun/nio/fs/WindowsException'{0x00000000d56718c0}> (0x00000000d56718c0) 
thrown [s\src\hotspot\share\prims\jni.cpp, line 520]
Event: 988.328 Thread 0x000001ef72aa23a0 Exception <a 'java/lang/ArrayIndexOutOfBoundsException'{0x00000000d55ad880}> (0x00000000d55ad880) 
thrown [s\src\hotspot\share\runtime\sharedRuntime.cpp, line 625]
Event: 988.535 Thread 0x000001ef72aa23a0 Exception <a 'java/lang/ArrayIndexOutOfBoundsException'{0x00000000d575b3e8}> (0x00000000d575b3e8) 
thrown [s\src\hotspot\share\runtime\sharedRuntime.cpp, line 625]
Event: 989.181 Thread 0x000001ef73448230 Exception <a 'java/lang/ArrayIndexOutOfBoundsException'{0x00000000d55bbd88}> (0x00000000d55bbd88) 
thrown [s\src\hotspot\share\runtime\sharedRuntime.cpp, line 625]
Event: 989.330 Thread 0x000001ef73448230 Exception <a 'java/lang/ArrayIndexOutOfBoundsException'{0x00000000d558bcf0}> (0x00000000d558bcf0) 
thrown [s\src\hotspot\share\runtime\sharedRuntime.cpp, line 625]
Event: 991.952 Thread 0x000001ef70ff90c0 Exception <a 'sun/nio/fs/WindowsException'{0x00000000d57c82f8}> (0x00000000d57c82f8) 
thrown [s\src\hotspot\share\prims\jni.cpp, line 520]
Event: 992.015 Thread 0x000001ef70ff90c0 Exception <a 'sun/nio/fs/WindowsException'{0x00000000d56804b8}> (0x00000000d56804b8) 
thrown [s\src\hotspot\share\prims\jni.cpp, line 520]
Event: 998.204 Thread 0x000001ef72aa30c0 Exception <a 'java/lang/ArrayIndexOutOfBoundsException'{0x00000000d56be4b8}> (0x00000000d56be4b8) 
thrown [s\src\hotspot\share\runtime\sharedRuntime.cpp, line 625]
Event: 998.207 Thread 0x000001ef72aa30c0 Exception <a 'java/lang/ArrayIndexOutOfBoundsException'{0x00000000d5786d70}> (0x00000000d5786d70) 
thrown [s\src\hotspot\share\runtime\sharedRuntime.cpp, line 625]
Event: 998.207 Thread 0x000001ef72aa30c0 Exception <a 'java/lang/ArrayIndexOutOfBoundsException'{0x00000000d579abb8}> (0x00000000d579abb8) 
thrown [s\src\hotspot\share\runtime\sharedRuntime.cpp, line 625]
Event: 998.207 Thread 0x000001ef72aa30c0 Exception <a 'java/lang/ArrayIndexOutOfBoundsException'{0x00000000d579b190}> (0x00000000d579b190) 
thrown [s\src\hotspot\share\runtime\sharedRuntime.cpp, line 625]
Event: 998.968 Thread 0x000001ef73448230 Exception <a 'java/lang/ArrayIndexOutOfBoundsException'{0x00000000d55bc550}> (0x00000000d55bc550) 
thrown [s\src\hotspot\share\runtime\sharedRuntime.cpp, line 625]
Event: 1006.561 Thread 0x000001ef72aa30c0 Exception <a 'java/lang/ArrayIndexOutOfBoundsException'{0x00000000d56c7d90}> (0x00000000d56c7d90) 
thrown [s\src\hotspot\share\runtime\sharedRuntime.cpp, line 625]
Event: 1006.564 Thread 0x000001ef72aa30c0 Exception <a 'java/lang/ArrayIndexOutOfBoundsException'{0x00000000d57a5450}> (0x00000000d57a5450) 
thrown [s\src\hotspot\share\runtime\sharedRuntime.cpp, line 625]
Event: 1007.517 Thread 0x000001ef734495e0 Exception <a 'java/lang/ArrayIndexOutOfBoundsException'{0x00000000d55c6fa8}> (0x00000000d55c6fa8) 
thrown [s\src\hotspot\share\runtime\sharedRuntime.cpp, line 625]
Event: 1008.167 Thread 0x000001ef734495e0 Exception <a 'java/lang/ArrayIndexOutOfBoundsException'{0x00000000d5754b68}> (0x00000000d5754b68) 
thrown [s\src\hotspot\share\runtime\sharedRuntime.cpp, line 625]
Event: 1008.722 Thread 0x000001ef734495e0 Exception <a 'java/lang/ArrayIndexOutOfBoundsException'{0x00000000d560d3f0}> (0x00000000d560d3f0) 
thrown [s\src\hotspot\share\runtime\sharedRuntime.cpp, line 625]

ZGC Phase Switch (0 events):
No events

VM Operations (20 events):
Event: 1011.227 Executing VM operation: ParallelGCFailedAllocation (Allocation Failure)
Event: 1011.228 Executing VM operation: ParallelGCFailedAllocation (Allocation Failure) done
Event: 1011.454 Executing VM operation: ParallelGCFailedAllocation (Allocation Failure)
Event: 1011.456 Executing VM operation: ParallelGCFailedAllocation (Allocation Failure) done
Event: 1011.647 Executing VM operation: ParallelGCFailedAllocation (Allocation Failure)
Event: 1011.649 Executing VM operation: ParallelGCFailedAllocation (Allocation Failure) done
Event: 1011.930 Executing VM operation: ParallelGCFailedAllocation (Allocation Failure)
Event: 1011.933 Executing VM operation: ParallelGCFailedAllocation (Allocation Failure) done
Event: 1012.943 Executing VM operation: Cleanup
Event: 1012.943 Executing VM operation: Cleanup done
Event: 1013.329 Executing VM operation: HandshakeAllThreads (Deoptimize)
Event: 1013.329 Executing VM operation: HandshakeAllThreads (Deoptimize) done
Event: 1013.378 Executing VM operation: ParallelGCFailedAllocation (Allocation Failure)
Event: 1013.379 Executing VM operation: ParallelGCFailedAllocation (Allocation Failure) done
Event: 1013.792 Executing VM operation: ParallelGCFailedAllocation (Allocation Failure)
Event: 1013.793 Executing VM operation: ParallelGCFailedAllocation (Allocation Failure) done
Event: 1013.798 Executing VM operation: ParallelGCFailedAllocation (Allocation Failure)
Event: 1013.799 Executing VM operation: ParallelGCFailedAllocation (Allocation Failure) done
Event: 1014.465 Executing VM operation: ParallelGCFailedAllocation (Allocation Failure)
Event: 1014.465 Executing VM operation: ParallelGCFailedAllocation (Allocation Failure) done

Memory protections (0 events):
No events

Nmethod flushes (20 events):
Event: 153.727 Thread 0x000001ef11a63b10 flushing  nmethod 0x000001ef159d9f90
Event: 153.727 Thread 0x000001ef11a63b10 flushing  nmethod 0x000001ef159db810
Event: 153.727 Thread 0x000001ef11a63b10 flushing  nmethod 0x000001ef15a85090
Event: 153.727 Thread 0x000001ef11a63b10 flushing  nmethod 0x000001ef15a85d90
Event: 153.727 Thread 0x000001ef11a63b10 flushing  nmethod 0x000001ef15afd210
Event: 153.727 Thread 0x000001ef11a63b10 flushing  nmethod 0x000001ef15b1f610
Event: 153.727 Thread 0x000001ef11a63b10 flushing  nmethod 0x000001ef15b27c10
Event: 153.727 Thread 0x000001ef11a63b10 flushing  nmethod 0x000001ef15b9f590
Event: 153.727 Thread 0x000001ef11a63b10 flushing  nmethod 0x000001ef15b9f910
Event: 153.727 Thread 0x000001ef11a63b10 flushing osr nmethod 0x000001ef15ba7c10
Event: 153.727 Thread 0x000001ef11a63b10 flushing  nmethod 0x000001ef15bbaf90
Event: 153.727 Thread 0x000001ef11a63b10 flushing  nmethod 0x000001ef15bbb410
Event: 153.727 Thread 0x000001ef11a63b10 flushing  nmethod 0x000001ef15bced90
Event: 153.727 Thread 0x000001ef11a63b10 flushing  nmethod 0x000001ef15bd3e10
Event: 153.727 Thread 0x000001ef11a63b10 flushing  nmethod 0x000001ef15bd9190
Event: 153.727 Thread 0x000001ef11a63b10 flushing  nmethod 0x000001ef15bd9790
Event: 153.727 Thread 0x000001ef11a63b10 flushing  nmethod 0x000001ef15be1990
Event: 153.727 Thread 0x000001ef11a63b10 flushing  nmethod 0x000001ef15c0a810
Event: 153.727 Thread 0x000001ef11a63b10 flushing  nmethod 0x000001ef15c0be90
Event: 153.727 Thread 0x000001ef11a63b10 flushing  nmethod 0x000001ef15c0e310

Events (20 events):
Event: 951.506 Thread 0x000001ef72aa23a0 Thread added: 0x000001ef734488c0
Event: 951.520 Thread 0x000001ef6b481800 Thread added: 0x000001ef73653010
Event: 951.913 Thread 0x000001ef73653010 Thread exited: 0x000001ef73653010
Event: 965.209 Thread 0x000001ef6b481800 Thread added: 0x000001ef73650e00
Event: 965.257 Thread 0x000001ef72aa30c0 Thread added: 0x000001ef7344ca60
Event: 965.538 Thread 0x000001ef73650e00 Thread exited: 0x000001ef73650e00
Event: 966.046 Thread 0x000001ef6b481800 Thread added: 0x000001ef73650e00
Event: 966.265 Thread 0x000001ef73650e00 Thread exited: 0x000001ef73650e00
Event: 970.390 Thread 0x000001ef6b47f4d0 Thread added: 0x000001ef73653010
Event: 970.449 Thread 0x000001ef6b481800 Thread added: 0x000001ef73650e00
Event: 970.708 Thread 0x000001ef73650e00 Thread exited: 0x000001ef73650e00
Event: 970.988 Thread 0x000001ef73653010 Thread exited: 0x000001ef73653010
Event: 974.396 Thread 0x000001ef6b481800 Thread added: 0x000001ef73650e00
Event: 974.597 Thread 0x000001ef73650e00 Thread exited: 0x000001ef73650e00
Event: 983.851 Thread 0x000001ef72aa23a0 Thread added: 0x000001ef72fc2150
Event: 983.852 Thread 0x000001ef734488c0 Thread added: 0x000001ef72fc2e70
Event: 987.642 Thread 0x000001ef70ff9750 Thread added: 0x000001ef72fc3b90
Event: 992.091 Thread 0x000001ef70ff9750 Thread added: 0x000001ef72fc27e0
Event: 1006.587 Thread 0x000001ef6b47f4d0 Thread added: 0x000001ef73650e00
Event: 1006.829 Thread 0x000001ef73650e00 Thread exited: 0x000001ef73650e00


Dynamic libraries:
0x00007ff7a93d0000 - 0x00007ff7a93de000 	c:\Users\alumne-DAM\.vscode\extensions\redhat.java-1.51.0-win32-x64\jre\21.0.9-win32-x86_64\bin\java.exe
0x00007ff9efba0000 - 0x00007ff9efe07000 	C:\WINDOWS\SYSTEM32\ntdll.dll
0x00007ff9edd00000 - 0x00007ff9eddc9000 	C:\WINDOWS\System32\KERNEL32.DLL
0x00007ff9eccf0000 - 0x00007ff9ed0df000 	C:\WINDOWS\System32\KERNELBASE.dll
0x00007ff9ed7f0000 - 0x00007ff9ed93b000 	C:\WINDOWS\System32\ucrtbase.dll
0x00007ff9d9030000 - 0x00007ff9d9048000 	c:\Users\alumne-DAM\.vscode\extensions\redhat.java-1.51.0-win32-x64\jre\21.0.9-win32-x86_64\bin\jli.dll
0x00007ff9ed990000 - 0x00007ff9edb55000 	C:\WINDOWS\System32\USER32.dll
0x00007ff9ed520000 - 0x00007ff9ed547000 	C:\WINDOWS\System32\win32u.dll
0x00007ff9ee5f0000 - 0x00007ff9ee61b000 	C:\WINDOWS\System32\GDI32.dll
0x00007ff9ed550000 - 0x00007ff9ed67c000 	C:\WINDOWS\System32\gdi32full.dll
0x00007ff9ed3b0000 - 0x00007ff9ed453000 	C:\WINDOWS\System32\msvcp_win.dll
0x00007ff9d9880000 - 0x00007ff9d9b13000 	C:\WINDOWS\WinSxS\amd64_microsoft.windows.common-controls_6595b64144ccf1df_6.0.26100.7309_none_3e05feeae336a044\COMCTL32.dll
0x00007ff9da270000 - 0x00007ff9da28e000 	c:\Users\alumne-DAM\.vscode\extensions\redhat.java-1.51.0-win32-x64\jre\21.0.9-win32-x86_64\bin\VCRUNTIME140.dll
0x00007ff9ef170000 - 0x00007ff9ef219000 	C:\WINDOWS\System32\msvcrt.dll
0x00007ff9ed940000 - 0x00007ff9ed971000 	C:\WINDOWS\System32\IMM32.DLL
0x00007ff9dd930000 - 0x00007ff9dd93c000 	c:\Users\alumne-DAM\.vscode\extensions\redhat.java-1.51.0-win32-x64\jre\21.0.9-win32-x86_64\bin\vcruntime140_1.dll
0x00007ff9c6ae0000 - 0x00007ff9c6b6d000 	c:\Users\alumne-DAM\.vscode\extensions\redhat.java-1.51.0-win32-x64\jre\21.0.9-win32-x86_64\bin\msvcp140.dll
0x00007ff982eb0000 - 0x00007ff983c50000 	c:\Users\alumne-DAM\.vscode\extensions\redhat.java-1.51.0-win32-x64\jre\21.0.9-win32-x86_64\bin\server\jvm.dll
0x00007ff9ede20000 - 0x00007ff9eded4000 	C:\WINDOWS\System32\ADVAPI32.dll
0x00007ff9efab0000 - 0x00007ff9efb56000 	C:\WINDOWS\System32\sechost.dll
0x00007ff9edb60000 - 0x00007ff9edc78000 	C:\WINDOWS\System32\RPCRT4.dll
0x00007ff9ef960000 - 0x00007ff9ef9d4000 	C:\WINDOWS\System32\WS2_32.dll
0x00007ff9ecb50000 - 0x00007ff9ecbae000 	C:\WINDOWS\SYSTEM32\POWRPROF.dll
0x00007ff9da230000 - 0x00007ff9da265000 	C:\WINDOWS\SYSTEM32\WINMM.dll
0x00007ff9e7150000 - 0x00007ff9e715b000 	C:\WINDOWS\SYSTEM32\VERSION.dll
0x00007ff9ecb30000 - 0x00007ff9ecb44000 	C:\WINDOWS\SYSTEM32\UMPDC.dll
0x00007ff9eba60000 - 0x00007ff9eba7b000 	C:\WINDOWS\SYSTEM32\kernel.appcore.dll
0x00007ff9dcc10000 - 0x00007ff9dcc1a000 	c:\Users\alumne-DAM\.vscode\extensions\redhat.java-1.51.0-win32-x64\jre\21.0.9-win32-x86_64\bin\jimage.dll
0x00007ff9da310000 - 0x00007ff9da552000 	C:\WINDOWS\SYSTEM32\DBGHELP.DLL
0x00007ff9ee170000 - 0x00007ff9ee4f6000 	C:\WINDOWS\System32\combase.dll
0x00007ff9ee500000 - 0x00007ff9ee5d6000 	C:\WINDOWS\System32\OLEAUT32.dll
0x00007ff9d5fc0000 - 0x00007ff9d5ffc000 	C:\WINDOWS\SYSTEM32\dbgcore.DLL
0x00007ff9ed0f0000 - 0x00007ff9ed195000 	C:\WINDOWS\System32\bcryptPrimitives.dll
0x00007ff9d8fb0000 - 0x00007ff9d8fbf000 	c:\Users\alumne-DAM\.vscode\extensions\redhat.java-1.51.0-win32-x64\jre\21.0.9-win32-x86_64\bin\instrument.dll
0x00007ff9d5cc0000 - 0x00007ff9d5ce0000 	c:\Users\alumne-DAM\.vscode\extensions\redhat.java-1.51.0-win32-x64\jre\21.0.9-win32-x86_64\bin\java.dll
0x00007ff9ee7a0000 - 0x00007ff9eeef3000 	C:\WINDOWS\System32\SHELL32.dll
0x00007ff9ed680000 - 0x00007ff9ed7ea000 	C:\WINDOWS\System32\wintypes.dll
0x00007ff9ea8d0000 - 0x00007ff9eb12e000 	C:\WINDOWS\SYSTEM32\windows.storage.dll
0x00007ff9ef070000 - 0x00007ff9ef165000 	C:\WINDOWS\System32\SHCORE.dll
0x00007ff9ee730000 - 0x00007ff9ee796000 	C:\WINDOWS\System32\shlwapi.dll
0x00007ff9ecc10000 - 0x00007ff9ecc39000 	C:\WINDOWS\SYSTEM32\profapi.dll
0x00007ff9d1100000 - 0x00007ff9d1118000 	c:\Users\alumne-DAM\.vscode\extensions\redhat.java-1.51.0-win32-x64\jre\21.0.9-win32-x86_64\bin\zip.dll
0x00007ff9d6d00000 - 0x00007ff9d6d10000 	C:\Users\alumne-DAM\.vscode\extensions\redhat.java-1.51.0-win32-x64\jre\21.0.9-win32-x86_64\bin\net.dll
0x00007ff9e6ab0000 - 0x00007ff9e6bd8000 	C:\WINDOWS\SYSTEM32\WINHTTP.dll
0x00007ff9ebfb0000 - 0x00007ff9ec01b000 	C:\WINDOWS\system32\mswsock.dll
0x00007ff9cebd0000 - 0x00007ff9cebe6000 	C:\Users\alumne-DAM\.vscode\extensions\redhat.java-1.51.0-win32-x64\jre\21.0.9-win32-x86_64\bin\nio.dll
0x00007ff9d6960000 - 0x00007ff9d6970000 	c:\Users\alumne-DAM\.vscode\extensions\redhat.java-1.51.0-win32-x64\jre\21.0.9-win32-x86_64\bin\verify.dll
0x00007ff9c60b0000 - 0x00007ff9c60f4000 	C:\Users\alumne-DAM\AppData\Roaming\Code\User\globalStorage\redhat.java\1.51.0\config_win\org.eclipse.equinox.launcher\org.eclipse.equinox.launcher.win32.win32.x86_64_1.2.1400.v20250801-0854\eclipse_11916.dll
0x00007ff9edee0000 - 0x00007ff9ee077000 	C:\WINDOWS\System32\ole32.dll
0x00007ff9ec3a0000 - 0x00007ff9ec3bb000 	C:\WINDOWS\SYSTEM32\CRYPTSP.dll
0x00007ff9eb9c0000 - 0x00007ff9eb9fa000 	C:\WINDOWS\system32\rsaenh.dll
0x00007ff9ec060000 - 0x00007ff9ec08b000 	C:\WINDOWS\SYSTEM32\USERENV.dll
0x00007ff9ecbe0000 - 0x00007ff9ecc0a000 	C:\WINDOWS\SYSTEM32\bcrypt.dll
0x00007ff9ec200000 - 0x00007ff9ec20c000 	C:\WINDOWS\SYSTEM32\CRYPTBASE.dll
0x00007ff9eb450000 - 0x00007ff9eb484000 	C:\WINDOWS\SYSTEM32\IPHLPAPI.DLL
0x00007ff9ee620000 - 0x00007ff9ee62a000 	C:\WINDOWS\System32\NSI.dll
0x00007ff9c6ea0000 - 0x00007ff9c6ee9000 	C:\Users\alumne-DAM\AppData\Local\Temp\jna--570604515\jna14174035334930537386.dll
0x00007ff9ee5e0000 - 0x00007ff9ee5e8000 	C:\WINDOWS\System32\PSAPI.DLL
0x00007ff9e6a10000 - 0x00007ff9e6a2e000 	C:\WINDOWS\SYSTEM32\dhcpcsvc6.DLL
0x00007ff9e66e0000 - 0x00007ff9e6703000 	C:\WINDOWS\SYSTEM32\dhcpcsvc.DLL
0x00007ff9d24b0000 - 0x00007ff9d24b9000 	C:\Users\alumne-DAM\.vscode\extensions\redhat.java-1.51.0-win32-x64\jre\21.0.9-win32-x86_64\bin\extnet.dll
0x00007ff9d2270000 - 0x00007ff9d227e000 	C:\Users\alumne-DAM\.vscode\extensions\redhat.java-1.51.0-win32-x64\jre\21.0.9-win32-x86_64\bin\sunmscapi.dll
0x00007ff9ed230000 - 0x00007ff9ed3a7000 	C:\WINDOWS\System32\CRYPT32.dll
0x00007ff9ec4f0000 - 0x00007ff9ec520000 	C:\WINDOWS\SYSTEM32\ncrypt.dll
0x00007ff9ec4a0000 - 0x00007ff9ec4df000 	C:\WINDOWS\SYSTEM32\NTASN1.dll
0x00007ff9eb490000 - 0x00007ff9eb5bc000 	C:\WINDOWS\SYSTEM32\DNSAPI.dll
0x00007ff9e3360000 - 0x00007ff9e336b000 	C:\Windows\System32\rasadhlp.dll
0x00007ff9e6220000 - 0x00007ff9e62a6000 	C:\WINDOWS\System32\fwpuclnt.dll

JVMTI agents:
c:\Users\alumne-DAM\.vscode\extensions\redhat.java-1.51.0-win32-x64\lombok\lombok-1.18.39-4050.jar path:c:\Users\alumne-DAM\.vscode\extensions\redhat.java-1.51.0-win32-x64\jre\21.0.9-win32-x86_64\bin\instrument.dll, loaded, initialized, instrumentlib options:none

dbghelp: loaded successfully - version: 4.0.5 - missing functions: none
symbol engine: initialized successfully - sym options: 0x614 - pdb path: .;c:\Users\alumne-DAM\.vscode\extensions\redhat.java-1.51.0-win32-x64\jre\21.0.9-win32-x86_64\bin;C:\WINDOWS\SYSTEM32;C:\WINDOWS\WinSxS\amd64_microsoft.windows.common-controls_6595b64144ccf1df_6.0.26100.7309_none_3e05feeae336a044;c:\Users\alumne-DAM\.vscode\extensions\redhat.java-1.51.0-win32-x64\jre\21.0.9-win32-x86_64\bin\server;C:\Users\alumne-DAM\AppData\Roaming\Code\User\globalStorage\redhat.java\1.51.0\config_win\org.eclipse.equinox.launcher\org.eclipse.equinox.launcher.win32.win32.x86_64_1.2.1400.v20250801-0854;C:\Users\alumne-DAM\AppData\Local\Temp\jna--570604515

VM Arguments:
jvm_args: --add-modules=ALL-SYSTEM --add-opens=java.base/java.util=ALL-UNNAMED --add-opens=java.base/java.lang=ALL-UNNAMED --add-opens=java.base/sun.nio.fs=ALL-UNNAMED -Declipse.application=org.eclipse.jdt.ls.core.id1 -Dosgi.bundles.defaultStartLevel=4 -Declipse.product=org.eclipse.jdt.ls.core.product -Djava.import.generatesMetadataFilesAtProjectRoot=false -DDetectVMInstallationsJob.disabled=true -Dfile.encoding=utf8 -XX:+UseParallelGC -XX:GCTimeRatio=4 -XX:AdaptiveSizePolicyWeight=90 -Dsun.zip.disableMemoryMapping=true -Xmx2G -Xms100m -Xlog:disable -javaagent:c:\Users\alumne-DAM\.vscode\extensions\redhat.java-1.51.0-win32-x64\lombok\lombok-1.18.39-4050.jar -XX:+HeapDumpOnOutOfMemoryError -XX:HeapDumpPath=c:\Users\alumne-DAM\AppData\Roaming\Code\User\workspaceStorage\173920f073f16d82886e39630b8ee953\redhat.java -Daether.dependencyCollector.impl=bf 
java_command: c:\Users\alumne-DAM\.vscode\extensions\redhat.java-1.51.0-win32-x64\server\plugins\org.eclipse.equinox.launcher_1.7.100.v20251111-0406.jar -configuration c:\Users\alumne-DAM\AppData\Roaming\Code\User\globalStorage\redhat.java\1.51.0\config_win -data c:\Users\alumne-DAM\AppData\Roaming\Code\User\workspaceStorage\173920f073f16d82886e39630b8ee953\redhat.java\jdt_ws --pipe=\\.\pipe\lsp-6876b553b914abff5f8cda16afb313ca-sock
java_class_path (initial): c:\Users\alumne-DAM\.vscode\extensions\redhat.java-1.51.0-win32-x64\server\plugins\org.eclipse.equinox.launcher_1.7.100.v20251111-0406.jar
Launcher Type: SUN_STANDARD

[Global flags]
    uintx AdaptiveSizePolicyWeight                 = 90                                        {product} {command line}
     intx CICompilerCount                          = 4                                         {product} {ergonomic}
    uintx GCTimeRatio                              = 4                                         {product} {command line}
     bool HeapDumpOnOutOfMemoryError               = true                                   {manageable} {command line}
    ccstr HeapDumpPath                             = c:\Users\alumne-DAM\AppData\Roaming\Code\User\workspaceStorage\173920f073f16d82886e39630b8ee953\redhat.java         {manageable} {command line}
   size_t InitialHeapSize                          = 104857600                                 {product} {command line}
   size_t MaxHeapSize                              = 2147483648                                {product} {command line}
   size_t MaxNewSize                               = 715653120                                 {product} {ergonomic}
   size_t MinHeapDeltaBytes                        = 524288                                    {product} {ergonomic}
   size_t MinHeapSize                              = 104857600                                 {product} {command line}
   size_t NewSize                                  = 34603008                                  {product} {ergonomic}
    uintx NonNMethodCodeHeapSize                   = 5839372                                {pd product} {ergonomic}
    uintx NonProfiledCodeHeapSize                  = 122909434                              {pd product} {ergonomic}
   size_t OldSize                                  = 70254592                                  {product} {ergonomic}
    uintx ProfiledCodeHeapSize                     = 122909434                              {pd product} {ergonomic}
    uintx ReservedCodeCacheSize                    = 251658240                              {pd product} {ergonomic}
     bool SegmentedCodeCache                       = true                                      {product} {ergonomic}
   size_t SoftMaxHeapSize                          = 2147483648                             {manageable} {ergonomic}
     bool UseCompressedOops                        = true                           {product lp64_product} {ergonomic}
     bool UseLargePagesIndividualAllocation        = false                                  {pd product} {ergonomic}
     bool UseParallelGC                            = true                                      {product} {command line}

Logging:
Log output configuration:
 #0: stdout all=off uptime,level,tags foldmultilines=false
 #1: stderr all=off uptime,level,tags foldmultilines=false

Release file:
JAVA_VERSION="21.0.9" 
MODULES="java.base java.compiler java.datatransfer java.xml java.prefs java.desktop java.instrument java.logging java.management java.security.sasl java.naming java.rmi java.management.rmi java.net.http java.scripting java.security.jgss java.transaction.xa java.sql java.sql.rowset java.xml.crypto java.se java.smartcardio jdk.accessibility jdk.internal.jvmstat jdk.attach jdk.charsets jdk.internal.opt jdk.zipfs jdk.compiler jdk.crypto.ec jdk.crypto.cryptoki jdk.crypto.mscapi jdk.dynalink jdk.internal.ed jdk.editpad jdk.hotspot.agent jdk.httpserver jdk.internal.le jdk.internal.vm.ci jdk.internal.vm.compiler jdk.internal.vm.compiler.management jdk.jartool jdk.javadoc jdk.jcmd jdk.management jdk.management.agent jdk.jconsole jdk.jdeps jdk.jdwp.agent jdk.jdi jdk.jfr jdk.jshell jdk.jsobject jdk.jstatd jdk.localedata jdk.management.jfr jdk.naming.dns jdk.naming.rmi jdk.net jdk.nio.mapmode jdk.random jdk.sctp jdk.security.auth jdk.security.jgss jdk.unsupported jdk.unsupported.desktop jdk.xml.dom" 

Environment Variables:
JAVA_HOME=C:\Program Files\Eclipse Adoptium\jdk-17.0.16.8-hotspot\
PATH=C:\Program Files\Common Files\Oracle\Java\javapath;C:\Program Files\Eclipse Adoptium\jdk-17.0.16.8-hotspot\bin;C:\WINDOWS\system32;C:\WINDOWS;C:\WINDOWS\System32\Wbem;C:\WINDOWS\System32\WindowsPowerShell\v1.0\;C:\WINDOWS\System32\OpenSSH\;C:\Program Files\dotnet\;C:\Users\alumne-DAM\AppData\Local\Muse Hub\lib;C:\Program Files\Git\cmd;C:\Program Files\Docker\Docker\resources\bin;C:\Users\alumne-DAM\AppData\Local\Microsoft\WindowsApps;C:\Users\alumne-DAM\AppData\Local\Programs\Microsoft VS Code\bin;C:\Users\alumne-DAM\AppData\Local\Programs\Git\cmd;C:\Users\alumne-DAM\AppData\Local\Muse Hub\lib
USERNAME=alumne-DAM
OS=Windows_NT
PROCESSOR_IDENTIFIER=Intel64 Family 6 Model 167 Stepping 1, GenuineIntel
TMP=C:\Users\ALUMNE~1\AppData\Local\Temp
TEMP=C:\Users\ALUMNE~1\AppData\Local\Temp




Periodic native trim disabled

---------------  S Y S T E M  ---------------

OS:
 Windows 11 , 64 bit Build 26100 (10.0.26100.7623)
OS uptime: 0 days 5:06 hours
Hyper-V role detected

CPU: total 12 (initial active 12) (6 cores per cpu, 2 threads per core) family 6 model 167 stepping 1 microcode 0x40, cx8, cmov, fxsr, ht, mmx, 3dnowpref, sse, sse2, sse3, ssse3, sse4.1, sse4.2, popcnt, lzcnt, tsc, tscinvbit, avx, avx2, aes, erms, clmul, bmi1, bmi2, adx, avx512f, avx512dq, avx512cd, avx512bw, avx512vl, sha, fma, vzeroupper, avx512_vpopcntdq, avx512_vpclmulqdq, avx512_vaes, avx512_vnni, clflush, clflushopt, avx512_vbmi2, avx512_vbmi, hv, rdtscp, rdpid, fsrm, gfni, avx512_bitalg, f16c, avx512_ifma
Processor Information for the first 12 processors :
  Max Mhz: 2592, Current Mhz: 2592, Mhz Limit: 2592

Memory: 4k page, system-wide physical 16181M (3279M free)
TotalPageFile size 65333M (AvailPageFile size 0M)
current process WorkingSet (physical memory assigned to process): 810M, peak: 810M
current process commit charge ("private bytes"): 879M, peak: 880M

vm_info: OpenJDK 64-Bit Server VM (21.0.9+10-LTS) for windows-amd64 JRE (21.0.9+10-LTS), built on 2025-10-21T00:00:00Z by "admin" with unknown MS VC++:1942

END.
